{
  "RSpec": {
    "coverage": {
      "/Users/iD/Projects/Makers/Week10/bank-tech-test/spec/bank_account_spec.rb": [
        1,
        1,
        null,
        1,
        1,
        6,
        6,
        6,
        null,
        null,
        null,
        null,
        null,
        1,
        1,
        1,
        null,
        null,
        null,
        1,
        1,
        1,
        1,
        null,
        null,
        1,
        1,
        1,
        null,
        null,
        null,
        1,
        1,
        1,
        1,
        1,
        null,
        null,
        1,
        1,
        1,
        1,
        null,
        null,
        null,
        1,
        2,
        null,
        null,
        null,
        null
      ],
      "/Users/iD/Projects/Makers/Week10/bank-tech-test/bank_account.rb": [
        1,
        1,
        null,
        null,
        1,
        1,
        null,
        1,
        8,
        8,
        null,
        null,
        1,
        5,
        5,
        null,
        null,
        1,
        4,
        3,
        3,
        null,
        null,
        null,
        null
      ],
      "/Users/iD/Projects/Makers/Week10/bank-tech-test/transaction.rb": [
        1,
        null,
        null,
        1,
        1,
        null,
        1,
        9,
        9,
        9,
        9,
        null,
        null
      ],
      "/Users/iD/Projects/Makers/Week10/bank-tech-test/spec/printer_spec.rb": [
        1,
        1,
        null,
        1,
        null,
        1,
        2,
        null,
        null,
        1,
        1,
        1,
        null,
        null,
        null,
        null,
        1,
        1,
        1,
        2,
        null,
        null,
        null,
        null,
        1,
        1,
        1,
        null,
        1,
        2,
        null,
        null,
        null,
        null,
        null
      ],
      "/Users/iD/Projects/Makers/Week10/bank-tech-test/printer.rb": [
        1,
        null,
        null,
        1,
        1,
        1,
        2,
        2,
        2,
        2,
        2,
        null,
        null,
        null,
        1,
        1,
        1,
        1,
        1,
        1,
        null,
        null
      ],
      "/Users/iD/Projects/Makers/Week10/bank-tech-test/spec/transaction_spec.rb": [
        1,
        null,
        1,
        1,
        1,
        1,
        1,
        1,
        1,
        null,
        null
      ]
    },
    "timestamp": 1524578150
  }
}
